0 info it worked if it ends with ok
1 verbose cli [ 'C:\\Program Files\\nodejs\\node.exe',
1 verbose cli   'C:\\Users\\Usuario\\AppData\\Roaming\\npm\\node_modules\\npm\\bin\\npm-cli.js',
1 verbose cli   'i',
1 verbose cli   '-g',
1 verbose cli   'bower',
1 verbose cli   'to',
1 verbose cli   'updade' ]
2 info using npm@3.10.3
3 info using node@v4.4.7
4 silly loadCurrentTree Starting
5 silly install loadCurrentTree
6 silly install readGlobalPackageData
7 silly fetchPackageMetaData bower
8 silly fetchPackageMetaData to
9 silly fetchPackageMetaData updade
10 silly fetchNamedPackageData bower
11 silly mapToRegistry name bower
12 silly mapToRegistry using default registry
13 silly mapToRegistry registry https://registry.npmjs.org/
14 silly mapToRegistry data Result {
14 silly mapToRegistry   raw: 'bower',
14 silly mapToRegistry   scope: null,
14 silly mapToRegistry   escapedName: 'bower',
14 silly mapToRegistry   name: 'bower',
14 silly mapToRegistry   rawSpec: '',
14 silly mapToRegistry   spec: 'latest',
14 silly mapToRegistry   type: 'tag' }
15 silly mapToRegistry uri https://registry.npmjs.org/bower
16 silly fetchNamedPackageData to
17 silly mapToRegistry name to
18 silly mapToRegistry using default registry
19 silly mapToRegistry registry https://registry.npmjs.org/
20 silly mapToRegistry data Result {
20 silly mapToRegistry   raw: 'to',
20 silly mapToRegistry   scope: null,
20 silly mapToRegistry   escapedName: 'to',
20 silly mapToRegistry   name: 'to',
20 silly mapToRegistry   rawSpec: '',
20 silly mapToRegistry   spec: 'latest',
20 silly mapToRegistry   type: 'tag' }
21 silly mapToRegistry uri https://registry.npmjs.org/to
22 silly fetchNamedPackageData updade
23 silly mapToRegistry name updade
24 silly mapToRegistry using default registry
25 silly mapToRegistry registry https://registry.npmjs.org/
26 silly mapToRegistry data Result {
26 silly mapToRegistry   raw: 'updade',
26 silly mapToRegistry   scope: null,
26 silly mapToRegistry   escapedName: 'updade',
26 silly mapToRegistry   name: 'updade',
26 silly mapToRegistry   rawSpec: '',
26 silly mapToRegistry   spec: 'latest',
26 silly mapToRegistry   type: 'tag' }
27 silly mapToRegistry uri https://registry.npmjs.org/updade
28 verbose request uri https://registry.npmjs.org/to
29 verbose request no auth needed
30 info attempt registry request try #1 at 22:38:15
31 verbose request id 89515780fa346178
32 http request GET https://registry.npmjs.org/to
33 verbose request uri https://registry.npmjs.org/updade
34 verbose request no auth needed
35 info attempt registry request try #1 at 22:38:15
36 http request GET https://registry.npmjs.org/updade
37 verbose request uri https://registry.npmjs.org/bower
38 verbose request no auth needed
39 info attempt registry request try #1 at 22:38:15
40 verbose lastModified Wed, 12 Apr 2017 07:13:16 GMT
41 http request GET https://registry.npmjs.org/bower
42 http 200 https://registry.npmjs.org/to
43 verbose headers { server: 'nginx/1.10.1',
43 verbose headers   'content-type': 'application/json',
43 verbose headers   'last-modified': 'Wed, 12 Dec 2012 02:47:19 GMT',
43 verbose headers   etag: 'W/"50c7f037-91a2"',
43 verbose headers   'content-encoding': 'gzip',
43 verbose headers   'cache-control': 'max-age=300',
43 verbose headers   'content-length': '3493',
43 verbose headers   'accept-ranges': 'bytes',
43 verbose headers   date: 'Thu, 13 Apr 2017 01:38:16 GMT',
43 verbose headers   via: '1.1 varnish',
43 verbose headers   age: '0',
43 verbose headers   connection: 'keep-alive',
43 verbose headers   'x-served-by': 'cache-iad2150-IAD',
43 verbose headers   'x-cache': 'MISS',
43 verbose headers   'x-cache-hits': '0',
43 verbose headers   'x-timer': 'S1492047496.988418,VS0,VE1',
43 verbose headers   vary: 'Accept-Encoding' }
44 silly get cb [ 200,
44 silly get   { server: 'nginx/1.10.1',
44 silly get     'content-type': 'application/json',
44 silly get     'last-modified': 'Wed, 12 Dec 2012 02:47:19 GMT',
44 silly get     etag: 'W/"50c7f037-91a2"',
44 silly get     'content-encoding': 'gzip',
44 silly get     'cache-control': 'max-age=300',
44 silly get     'content-length': '3493',
44 silly get     'accept-ranges': 'bytes',
44 silly get     date: 'Thu, 13 Apr 2017 01:38:16 GMT',
44 silly get     via: '1.1 varnish',
44 silly get     age: '0',
44 silly get     connection: 'keep-alive',
44 silly get     'x-served-by': 'cache-iad2150-IAD',
44 silly get     'x-cache': 'MISS',
44 silly get     'x-cache-hits': '0',
44 silly get     'x-timer': 'S1492047496.988418,VS0,VE1',
44 silly get     vary: 'Accept-Encoding' } ]
45 verbose get saving to to C:\Users\Usuario\AppData\Roaming\npm-cache\registry.npmjs.org\to\.cache.json
46 verbose correctMkdir C:\Users\Usuario\AppData\Roaming\npm-cache correctMkdir not in flight; initializing
47 http 200 https://registry.npmjs.org/bower
48 verbose headers { server: 'nginx/1.10.1',
48 verbose headers   'content-type': 'application/json',
48 verbose headers   'last-modified': 'Wed, 12 Apr 2017 07:13:16 GMT',
48 verbose headers   etag: 'W/"58edd38c-2afb0"',
48 verbose headers   'content-encoding': 'gzip',
48 verbose headers   'cache-control': 'max-age=300',
48 verbose headers   'content-length': '16692',
48 verbose headers   'accept-ranges': 'bytes',
48 verbose headers   date: 'Thu, 13 Apr 2017 01:38:17 GMT',
48 verbose headers   via: '1.1 varnish',
48 verbose headers   age: '154',
48 verbose headers   connection: 'keep-alive',
48 verbose headers   'x-served-by': 'cache-iad2148-IAD',
48 verbose headers   'x-cache': 'HIT',
48 verbose headers   'x-cache-hits': '1',
48 verbose headers   'x-timer': 'S1492047497.037495,VS0,VE1',
48 verbose headers   vary: 'Accept-Encoding' }
49 silly get cb [ 200,
49 silly get   { server: 'nginx/1.10.1',
49 silly get     'content-type': 'application/json',
49 silly get     'last-modified': 'Wed, 12 Apr 2017 07:13:16 GMT',
49 silly get     etag: 'W/"58edd38c-2afb0"',
49 silly get     'content-encoding': 'gzip',
49 silly get     'cache-control': 'max-age=300',
49 silly get     'content-length': '16692',
49 silly get     'accept-ranges': 'bytes',
49 silly get     date: 'Thu, 13 Apr 2017 01:38:17 GMT',
49 silly get     via: '1.1 varnish',
49 silly get     age: '154',
49 silly get     connection: 'keep-alive',
49 silly get     'x-served-by': 'cache-iad2148-IAD',
49 silly get     'x-cache': 'HIT',
49 silly get     'x-cache-hits': '1',
49 silly get     'x-timer': 'S1492047497.037495,VS0,VE1',
49 silly get     vary: 'Accept-Encoding' } ]
50 verbose get saving bower to C:\Users\Usuario\AppData\Roaming\npm-cache\registry.npmjs.org\bower\.cache.json
51 verbose correctMkdir C:\Users\Usuario\AppData\Roaming\npm-cache correctMkdir not in flight; initializing
52 http 404 https://registry.npmjs.org/updade
53 verbose headers { 'content-type': 'application/json',
53 verbose headers   'cache-control': 'max-age=0',
53 verbose headers   'content-length': '2',
53 verbose headers   'accept-ranges': 'bytes',
53 verbose headers   date: 'Thu, 13 Apr 2017 01:38:17 GMT',
53 verbose headers   via: '1.1 varnish',
53 verbose headers   age: '0',
53 verbose headers   connection: 'keep-alive',
53 verbose headers   'x-served-by': 'cache-iad2129-IAD',
53 verbose headers   'x-cache': 'MISS',
53 verbose headers   'x-cache-hits': '0',
53 verbose headers   'x-timer': 'S1492047497.024921,VS0,VE375',
53 verbose headers   vary: 'Accept-Encoding' }
54 silly get cb [ 404,
54 silly get   { 'content-type': 'application/json',
54 silly get     'cache-control': 'max-age=0',
54 silly get     'content-length': '2',
54 silly get     'accept-ranges': 'bytes',
54 silly get     date: 'Thu, 13 Apr 2017 01:38:17 GMT',
54 silly get     via: '1.1 varnish',
54 silly get     age: '0',
54 silly get     connection: 'keep-alive',
54 silly get     'x-served-by': 'cache-iad2129-IAD',
54 silly get     'x-cache': 'MISS',
54 silly get     'x-cache-hits': '0',
54 silly get     'x-timer': 'S1492047497.024921,VS0,VE375',
54 silly get     vary: 'Accept-Encoding' } ]
55 silly fetchPackageMetaData Error: Registry returned 404 for GET on https://registry.npmjs.org/updade
55 silly fetchPackageMetaData     at makeError (C:\Users\Usuario\AppData\Roaming\npm\node_modules\npm\node_modules\npm-registry-client\lib\request.js:264:12)
55 silly fetchPackageMetaData     at CachingRegistryClient.<anonymous> (C:\Users\Usuario\AppData\Roaming\npm\node_modules\npm\node_modules\npm-registry-client\lib\request.js:242:14)
55 silly fetchPackageMetaData     at Request._callback (C:\Users\Usuario\AppData\Roaming\npm\node_modules\npm\node_modules\npm-registry-client\lib\request.js:172:14)
55 silly fetchPackageMetaData     at Request.self.callback (C:\Users\Usuario\AppData\Roaming\npm\node_modules\npm\node_modules\request\request.js:200:22)
55 silly fetchPackageMetaData     at emitTwo (events.js:87:13)
55 silly fetchPackageMetaData     at Request.emit (events.js:172:7)
55 silly fetchPackageMetaData     at Request.<anonymous> (C:\Users\Usuario\AppData\Roaming\npm\node_modules\npm\node_modules\request\request.js:1067:10)
55 silly fetchPackageMetaData     at emitOne (events.js:82:20)
55 silly fetchPackageMetaData     at Request.emit (events.js:169:7)
55 silly fetchPackageMetaData     at IncomingMessage.<anonymous> (C:\Users\Usuario\AppData\Roaming\npm\node_modules\npm\node_modules\request\request.js:988:12)
55 silly fetchPackageMetaData  error for updade { [Error: Registry returned 404 for GET on https://registry.npmjs.org/updade] pkgid: 'updade', statusCode: 404, code: 'E404' }
56 silly rollbackFailedOptional Starting
57 silly rollbackFailedOptional Finishing
58 silly runTopLevelLifecycles Starting
59 silly runTopLevelLifecycles Finishing
60 silly install printInstalled
61 verbose stack Error: Registry returned 404 for GET on https://registry.npmjs.org/updade
61 verbose stack     at makeError (C:\Users\Usuario\AppData\Roaming\npm\node_modules\npm\node_modules\npm-registry-client\lib\request.js:264:12)
61 verbose stack     at CachingRegistryClient.<anonymous> (C:\Users\Usuario\AppData\Roaming\npm\node_modules\npm\node_modules\npm-registry-client\lib\request.js:242:14)
61 verbose stack     at Request._callback (C:\Users\Usuario\AppData\Roaming\npm\node_modules\npm\node_modules\npm-registry-client\lib\request.js:172:14)
61 verbose stack     at Request.self.callback (C:\Users\Usuario\AppData\Roaming\npm\node_modules\npm\node_modules\request\request.js:200:22)
61 verbose stack     at emitTwo (events.js:87:13)
61 verbose stack     at Request.emit (events.js:172:7)
61 verbose stack     at Request.<anonymous> (C:\Users\Usuario\AppData\Roaming\npm\node_modules\npm\node_modules\request\request.js:1067:10)
61 verbose stack     at emitOne (events.js:82:20)
61 verbose stack     at Request.emit (events.js:169:7)
61 verbose stack     at IncomingMessage.<anonymous> (C:\Users\Usuario\AppData\Roaming\npm\node_modules\npm\node_modules\request\request.js:988:12)
62 verbose statusCode 404
63 verbose pkgid updade
64 verbose cwd C:\endemias\wpattern-helviorezende-endemias-web
65 error Windows_NT 6.1.7601
66 error argv "C:\\Program Files\\nodejs\\node.exe" "C:\\Users\\Usuario\\AppData\\Roaming\\npm\\node_modules\\npm\\bin\\npm-cli.js" "i" "-g" "bower" "to" "updade"
67 error node v4.4.7
68 error npm  v3.10.3
69 error code E404
70 error 404 Registry returned 404 for GET on https://registry.npmjs.org/updade
71 error 404
72 error 404 'updade' is not in the npm registry.
73 error 404 You should bug the author to publish it (or use the name yourself!)
74 error 404 Note that you can also install from a
75 error 404 tarball, folder, http url, or git url.
76 verbose exit [ 1, true ]
